Построение начато 27.11.2017 12:07:05.
     1>Проект "D:\Pvis\AOIS_6\AOIS_6\AOIS_6.vcxproj" в узле 2 (целевые объекты build).
     1>InitializeBuildStatus:
         Создание "Debug\AOIS_6.unsuccessfulbuild", так как было задано "AlwaysCreate".
       ClCompile:
         Для всех выходных данных обновления не требуется.
         c:\Program Files (x86)\Microsoft Visual Studio 10.0\VC\bin\CL.exe /c /ZI /nologo /W3 /WX- /Od /Oy- /D WIN32 /D _DEBUG /D _CONSOLE /D _UNICODE /D UNICODE /Gm /EHsc /RTC1 /MDd /GS /fp:precise /Zc:wchar_t /Zc:forScope /Yu"StdAfx.h" /Fp"Debug\AOIS_6.pch" /Fo"Debug\\" /Fd"Debug\vc100.pdb" /Gd /TP /analyze- /errorReport:prompt HeshTable.cpp
         HeshTable.cpp
       ManifestResourceCompile:
         Для всех выходных данных обновления не требуется.
       Link:
         c:\Program Files (x86)\Microsoft Visual Studio 10.0\VC\bin\link.exe /ERRORREPORT:PROMPT /OUT:"D:\Pvis\AOIS_6\Debug\AOIS_6.exe" /INCREMENTAL /NOLOGO kernel32.lib user32.lib gdi32.lib winspool.lib comdlg32.lib advapi32.lib shell32.lib ole32.lib oleaut32.lib uuid.lib odbc32.lib odbccp32.lib /MANIFEST /ManifestFile:"Debug\AOIS_6.exe.intermediate.manifest" /MANIFESTUAC:"level='asInvoker' uiAccess='false'" /DEBUG /PDB:"D:\Pvis\AOIS_6\Debug\AOIS_6.pdb" /SUBSYSTEM:CONSOLE /TLBID:1 /DYNAMICBASE /NXCOMPAT /IMPLIB:"D:\Pvis\AOIS_6\Debug\AOIS_6.lib" /MACHINE:X86 Debug\AOIS_6.exe.embed.manifest.res
         Debug\AOIS_6.obj
         Debug\HeshString.obj
         Debug\HeshTable.obj
         Debug\IdtfString.obj
         Debug\IdtfTable.obj
         Debug\stdafx.obj
       Manifest:
         C:\Program Files (x86)\Microsoft SDKs\Windows\v7.0A\bin\mt.exe /nologo /verbose /out:"Debug\AOIS_6.exe.embed.manifest" /manifest Debug\AOIS_6.exe.intermediate.manifest
         Для всех выходных данных обновления не требуется.
       LinkEmbedManifest:
         Для всех выходных данных обновления не требуется.
         AOIS_6.vcxproj -> D:\Pvis\AOIS_6\Debug\AOIS_6.exe
       FinalizeBuildStatus:
         Файл "Debug\AOIS_6.unsuccessfulbuild" удаляется.
         Обращение к "Debug\AOIS_6.lastbuildstate".
     1>Построение проекта "D:\Pvis\AOIS_6\AOIS_6\AOIS_6.vcxproj" завершено (целевые объекты build).

Построение успешно завершено.

Затраченное время: 00:00:02.22
